0 info it worked if it ends with ok
1 verbose cli [ 'C:\\Program Files (x86)\\nodejs\\node.exe',
1 verbose cli   'C:\\Users\\Christian Olszewski\\AppData\\Roaming\\npm\\node_modules\\npm\\bin\\npm-cli.js',
1 verbose cli   'run',
1 verbose cli   'compile' ]
2 info using npm@3.10.8
3 info using node@v6.9.2
4 verbose run-script [ 'precompile', 'compile', 'postcompile' ]
5 info lifecycle Scratch@1.0.0~precompile: Scratch@1.0.0
6 silly lifecycle Scratch@1.0.0~precompile: no script for precompile, continuing
7 info lifecycle Scratch@1.0.0~compile: Scratch@1.0.0
8 verbose lifecycle Scratch@1.0.0~compile: unsafe-perm in lifecycle true
9 verbose lifecycle Scratch@1.0.0~compile: PATH: C:\Users\Christian Olszewski\AppData\Roaming\npm\node_modules\npm\bin\node-gyp-bin;C:\Test\Scratch\node_modules\.bin;C:\ProgramData\Oracle\Java\javapath;C:\Program Files (x86)\Common Files\Microsoft Shared\Windows Live;C:\Windows\system32;C:\Windows;C:\Windows\System32\Wbem;C:\Windows\System32\WindowsPowerShell\v1.0\;C:\Program Files\Intel\DMIX;C:\Program Files\Norman\Npm\Bin;C:\Program Files (x86)\Microsoft SQL Server\100\Tools\Binn\;C:\Program Files\Microsoft SQL Server\100\Tools\Binn\;C:\Program Files\Microsoft SQL Server\100\DTS\Binn\;C:\Program Files (x86)\Microsoft ASP.NET\ASP.NET Web Pages\v1.0\;C:\Program Files (x86)\Microsoft SQL Server\100\Tools\Binn\VSShell\Common7\IDE\;C:\Program Files (x86)\Microsoft SQL Server\100\DTS\Binn\;E:\adt-bundle-windows-x86_64-20131030\sdk\tools;E:\adt-bundle-windows-x86_64-20131030\sdk\platform-tools;C:\Program Files (x86)\NVIDIA Corporation\PhysX\Common;C:\WINDOWS\system32;C:\WINDOWS;C:\WINDOWS\System32\Wbem;C:\WINDOWS\System32\WindowsPowerShell\v1.0\;C:\Program Files\Microsoft SQL Server\120\Tools\Binn\;C:\Program Files (x86)\Common Files\Seagate\SnapAPI\;C:\Program Files (x86)\Skype\Phone\;C:\Program Files\Microsoft SQL Server\130\Tools\Binn\;C:\Program Files (x86)\Windows Kits\10\Windows Performance Toolkit\;C:\Program Files\Git\cmd;C:\Program Files\dotnet\;C:\Program Files\gradle-3.1\bin;C:\Program Files (x86)\nodejs\;C:\Users\Christian Olszewski\.dnx\bin;C:\Program Files (x86)\Common Files\Microsoft Shared\Windows Live;C:\Program Files (x86)\Microsoft VS Code\bin;C:\Program Files (x86)\Nmap;C:\Users\Christian Olszewski\AppData\Local\Microsoft\WindowsApps;C:\Users\Christian Olszewski\AppData\Roaming\npm
10 verbose lifecycle Scratch@1.0.0~compile: CWD: C:\Test\Scratch
11 silly lifecycle Scratch@1.0.0~compile: Args: [ '/d /s /c', 'webpack' ]
12 silly lifecycle Scratch@1.0.0~compile: Returned: code: 1  signal: null
13 info lifecycle Scratch@1.0.0~compile: Failed to exec compile script
14 verbose stack Error: Scratch@1.0.0 compile: `webpack`
14 verbose stack Exit status 1
14 verbose stack     at EventEmitter.<anonymous> (C:\Users\Christian Olszewski\AppData\Roaming\npm\node_modules\npm\lib\utils\lifecycle.js:255:16)
14 verbose stack     at emitTwo (events.js:106:13)
14 verbose stack     at EventEmitter.emit (events.js:191:7)
14 verbose stack     at ChildProcess.<anonymous> (C:\Users\Christian Olszewski\AppData\Roaming\npm\node_modules\npm\lib\utils\spawn.js:40:14)
14 verbose stack     at emitTwo (events.js:106:13)
14 verbose stack     at ChildProcess.emit (events.js:191:7)
14 verbose stack     at maybeClose (internal/child_process.js:877:16)
14 verbose stack     at Process.ChildProcess._handle.onexit (internal/child_process.js:226:5)
15 verbose pkgid Scratch@1.0.0
16 verbose cwd C:\Test\Scratch
17 error Windows_NT 10.0.14393
18 error argv "C:\\Program Files (x86)\\nodejs\\node.exe" "C:\\Users\\Christian Olszewski\\AppData\\Roaming\\npm\\node_modules\\npm\\bin\\npm-cli.js" "run" "compile"
19 error node v6.9.2
20 error npm  v3.10.8
21 error code ELIFECYCLE
22 error Scratch@1.0.0 compile: `webpack`
22 error Exit status 1
23 error Failed at the Scratch@1.0.0 compile script 'webpack'.
23 error Make sure you have the latest version of node.js and npm installed.
23 error If you do, this is most likely a problem with the Scratch package,
23 error not with npm itself.
23 error Tell the author that this fails on your system:
23 error     webpack
23 error You can get information on how to open an issue for this project with:
23 error     npm bugs Scratch
23 error Or if that isn't available, you can get their info via:
23 error     npm owner ls Scratch
23 error There is likely additional logging output above.
24 verbose exit [ 1, true ]
